{
  "RSpec": {
    "coverage": {
      "/Users/christophercruz/Desktop/Assign3/JobSystem/app/controllers/search_controller.rb": [
        1,
        1,
        1,
        null,
        null
      ],
      "/Users/christophercruz/Desktop/Assign3/JobSystem/app/controllers/application_controller.rb": [
        1,
        null,
        null,
        1,
        null
      ],
      "/Users/christophercruz/Desktop/Assign3/JobSystem/app/controllers/work_orders_controller.rb": [
        1,
        1,
        null,
        null,
        null,
        1,
        1,
        1,
        null,
        null,
        null,
        null,
        1,
        null,
        null,
        null,
        1,
        1,
        null,
        null,
        null,
        1,
        null,
        null,
        null,
        null,
        1,
        0,
        0,
        0,
        null,
        0,
        null,
        null,
        null,
        null,
        null,
        null,
        1,
        3,
        3,
        2,
        1,
        null,
        4,
        2,
        null,
        null,
        null,
        null,
        null,
        null,
        1,
        1,
        1,
        2,
        1,
        null,
        null,
        null,
        1,
        null,
        1,
        6,
        null,
        null,
        null,
        1,
        3,
        null,
        null
      ],
      "/Users/christophercruz/Desktop/Assign3/JobSystem/app/controllers/workers_controller.rb": [
        1,
        1,
        null,
        null,
        null,
        1,
        1,
        1,
        null,
        null,
        null,
        null,
        1,
        null,
        null,
        null,
        1,
        1,
        null,
        null,
        null,
        1,
        null,
        null,
        null,
        null,
        1,
        0,
        0,
        0,
        null,
        0,
        null,
        null,
        null,
        null,
        null,
        1,
        2,
        2,
        2,
        1,
        null,
        2,
        1,
        null,
        null,
        null,
        null,
        null,
        null,
        1,
        1,
        1,
        2,
        1,
        null,
        null,
        null,
        1,
        null,
        1,
        5,
        null,
        null,
        null,
        1,
        2,
        null,
        null
      ],
      "/Users/christophercruz/Desktop/Assign3/JobSystem/app/models/work_order.rb": [
        1,
        1,
        1,
        null
      ],
      "/Users/christophercruz/Desktop/Assign3/JobSystem/app/models/worker.rb": [
        1,
        1,
        1,
        null
      ]
    },
    "timestamp": 1375497596
  }
}
