{
  "RSpec": {
    "coverage": {
      "/RoR/cruz_lee/project/MyFacultyWebsite/app/controllers/awards_controller.rb": [
        1,
        1,
        1,
        null,
        1,
        2,
        2,
        null,
        null,
        1,
        2,
        null,
        null,
        1,
        5,
        5,
        null,
        5,
        2,
        2,
        null,
        3,
        3,
        null,
        null,
        null,
        1,
        4,
        4,
        4,
        2,
        null,
        2,
        4,
        2,
        null,
        null,
        null,
        null,
        1,
        2,
        2,
        2,
        null,
        null,
        1,
        1,
        8,
        null,
        null,
        1,
        9,
        null,
        null
      ],
      "/RoR/cruz_lee/project/MyFacultyWebsite/app/controllers/application_controller.rb": [
        1,
        null,
        null,
        1,
        null,
        1,
        null,
        1,
        null,
        1,
        130,
        32,
        32,
        null,
        null,
        null,
        1,
        20,
        20,
        2,
        2,
        null,
        null,
        null
      ],
      "/RoR/cruz_lee/project/MyFacultyWebsite/app/controllers/courses_controller.rb": [
        1,
        1,
        1,
        null,
        1,
        2,
        2,
        null,
        null,
        1,
        2,
        null,
        null,
        1,
        5,
        5,
        null,
        5,
        2,
        2,
        null,
        3,
        3,
        null,
        null,
        null,
        1,
        4,
        4,
        4,
        2,
        null,
        2,
        4,
        2,
        null,
        null,
        null,
        null,
        1,
        2,
        2,
        2,
        null,
        null,
        1,
        1,
        8,
        null,
        null,
        1,
        9,
        null,
        null
      ],
      "/RoR/cruz_lee/project/MyFacultyWebsite/app/controllers/degrees_controller.rb": [
        1,
        1,
        1,
        null,
        1,
        2,
        2,
        null,
        null,
        1,
        2,
        null,
        null,
        1,
        5,
        5,
        null,
        5,
        2,
        2,
        null,
        3,
        3,
        null,
        null,
        null,
        1,
        4,
        4,
        4,
        2,
        null,
        2,
        4,
        2,
        null,
        null,
        null,
        null,
        1,
        2,
        2,
        2,
        null,
        null,
        1,
        null,
        1,
        8,
        null,
        null,
        1,
        9,
        null,
        null
      ],
      "/RoR/cruz_lee/project/MyFacultyWebsite/app/controllers/employments_controller.rb": [
        1,
        1,
        1,
        null,
        1,
        2,
        2,
        null,
        null,
        1,
        2,
        null,
        null,
        1,
        5,
        5,
        null,
        5,
        2,
        2,
        null,
        3,
        3,
        null,
        null,
        null,
        1,
        4,
        4,
        4,
        2,
        null,
        2,
        4,
        2,
        null,
        null,
        null,
        null,
        1,
        2,
        2,
        2,
        null,
        null,
        1,
        1,
        8,
        null,
        null,
        1,
        9,
        null,
        null
      ],
      "/RoR/cruz_lee/project/MyFacultyWebsite/app/controllers/faculty_members_controller.rb": [
        1,
        1,
        1,
        1,
        1,
        null,
        1,
        1,
        null,
        null,
        1,
        2,
        null,
        null,
        1,
        2,
        null,
        null,
        1,
        4,
        4,
        4,
        2,
        null,
        2,
        4,
        2,
        null,
        null,
        null,
        null,
        1,
        2,
        2,
        null,
        null,
        1,
        2,
        2,
        null,
        null,
        1,
        2,
        2,
        null,
        null,
        1,
        2,
        2,
        2,
        2,
        2,
        2,
        null,
        null,
        1,
        2,
        null,
        null,
        1,
        null,
        1,
        20,
        null,
        null,
        1,
        20,
        null,
        null,
        null,
        1,
        4,
        null,
        null,
        null
      ],
      "/RoR/cruz_lee/project/MyFacultyWebsite/app/controllers/publications_controller.rb": [
        1,
        1,
        1,
        null,
        1,
        2,
        2,
        null,
        null,
        1,
        2,
        null,
        null,
        1,
        5,
        5,
        null,
        5,
        2,
        2,
        null,
        3,
        3,
        null,
        null,
        null,
        1,
        4,
        4,
        4,
        2,
        null,
        2,
        4,
        2,
        null,
        null,
        null,
        null,
        1,
        2,
        2,
        2,
        null,
        null,
        1,
        1,
        8,
        null,
        null,
        1,
        9,
        null,
        null
      ],
      "/RoR/cruz_lee/project/MyFacultyWebsite/app/controllers/researches_controller.rb": [
        1,
        1,
        1,
        null,
        1,
        2,
        2,
        null,
        null,
        1,
        2,
        null,
        null,
        1,
        5,
        5,
        null,
        5,
        2,
        2,
        null,
        3,
        3,
        null,
        null,
        null,
        1,
        4,
        4,
        4,
        2,
        null,
        2,
        4,
        2,
        null,
        null,
        null,
        null,
        1,
        2,
        2,
        2,
        null,
        null,
        1,
        1,
        8,
        null,
        null,
        1,
        9,
        null,
        null
      ],
      "/RoR/cruz_lee/project/MyFacultyWebsite/app/controllers/sessions_controller.rb": [
        1,
        1,
        3,
        3,
        null,
        null,
        1,
        4,
        4,
        2,
        2,
        2,
        null,
        2,
        2,
        2,
        null,
        null,
        null,
        1,
        2,
        2,
        2,
        null,
        null
      ],
      "/RoR/cruz_lee/project/MyFacultyWebsite/app/models/award.rb": [
        1,
        1,
        null,
        1,
        null
      ],
      "/RoR/cruz_lee/project/MyFacultyWebsite/app/models/course.rb": [
        1,
        1,
        null,
        1,
        null
      ],
      "/RoR/cruz_lee/project/MyFacultyWebsite/app/models/degree.rb": [
        1,
        1,
        1,
        null
      ],
      "/RoR/cruz_lee/project/MyFacultyWebsite/app/models/employment.rb": [
        1,
        1,
        1,
        null
      ],
      "/RoR/cruz_lee/project/MyFacultyWebsite/app/models/faculty_member.rb": [
        1,
        1,
        null,
        1,
        1,
        1,
        null,
        1,
        1,
        1,
        1,
        1,
        1,
        null,
        1,
        null,
        1,
        300,
        null,
        null,
        1,
        739,
        null,
        null,
        1,
        null,
        1,
        197,
        null,
        null
      ],
      "/RoR/cruz_lee/project/MyFacultyWebsite/app/models/publication.rb": [
        1,
        1,
        1,
        null
      ],
      "/RoR/cruz_lee/project/MyFacultyWebsite/app/models/research.rb": [
        1,
        1,
        1,
        null
      ]
    },
    "timestamp": 1376005256
  }
}
